<?xml version="1.0" encoding="UTF-8"?>
<!-- Generated by org.testng.reporters.JUnitReportReporter -->
<testsuite hostname="Sugyan-PC" failures="0" tests="3" name="muvilog.muviLogin" time="58.794" errors="0" timestamp="27 Mar 2020 00:23:17 GMT" skipped="0">
  <testcase classname="muvilog.muviLogin" name="login" time="12.958"/>
  <testcase classname="muvilog.muviLogin" name="Content_Library" time="36.578"/>
  <testcase classname="muvilog.muviLogin" name="Zontent_Verify" time="9.258"/>
</testsuite> <!-- muvilog.muviLogin -->
